BookFindersVirtualLibrary/Library/Bee/Android/Prj/IL2CPP/Gradle/unityLibrary/build/outputs/logs/manifest-merger-release-report.txt
-- Merging decision tree log ---
manifest
ADDED from src\main\AndroidManifest.xml:2:1-32:12
INJECTED from src\main\AndroidManifest.xml:2:1-32:12
INJECTED from src\main\AndroidManifest.xml:2:1-32:12
	package
		ADDED from src\main\AndroidManifest.xml:2:117-145
		INJECTED from src\main\AndroidManifest.xml
		INJECTED from src\main\AndroidManifest.xml
	xmlns:tools
		ADDED from src\main\AndroidManifest.xml:2:70-116
	xmlns:android
		ADDED from src\main\AndroidManifest.xml:2:11-69
uses-permission#android.permission.INTERNET
ADDED from src\main\AndroidManifest.xml:3:3-89
	android:required
		ADDED from src\main\AndroidManifest.xml:3:63-86
	android:name
		ADDED from src\main\AndroidManifest.xml:3:20-62
uses-permission#android.permission.ACCESS_FINE_LOCATION
ADDED from src\main\AndroidManifest.xml:4:3-77
	android:name
		ADDED from src\main\AndroidManifest.xml:4:20-74
uses-permission#android.permission.ACCESS_COARSE_LOCATION
ADDED from src\main\AndroidManifest.xml:5:3-79
	android:name
		ADDED from src\main\AndroidManifest.xml:5:20-76
uses-feature#0x00030000
ADDED from src\main\AndroidManifest.xml:6:3-52
	android:glEsVersion
		ADDED from src\main\AndroidManifest.xml:6:17-49
uses-feature#android.hardware.vulkan.version
ADDED from src\main\AndroidManifest.xml:7:3-91
	android:required
		ADDED from src\main\AndroidManifest.xml:7:64-88
	android:name
		ADDED from src\main\AndroidManifest.xml:7:17-63
uses-feature#android.hardware.touchscreen
ADDED from src\main\AndroidManifest.xml:8:3-88
	android:required
		ADDED from src\main\AndroidManifest.xml:8:61-85
	android:name
		ADDED from src\main\AndroidManifest.xml:8:17-60
uses-feature#android.hardware.touchscreen.multitouch
ADDED from src\main\AndroidManifest.xml:9:3-99
	android:required
		ADDED from src\main\AndroidManifest.xml:9:72-96
	android:name
		ADDED from src\main\AndroidManifest.xml:9:17-71
uses-feature#android.hardware.touchscreen.multitouch.distinct
ADDED from src\main\AndroidManifest.xml:10:3-108
	android:required
		ADDED from src\main\AndroidManifest.xml:10:81-105
	android:name
		ADDED from src\main\AndroidManifest.xml:10:17-80
uses-feature#android.hardware.location.gps
ADDED from src\main\AndroidManifest.xml:11:3-89
	android:required
		ADDED from src\main\AndroidManifest.xml:11:62-86
	android:name
		ADDED from src\main\AndroidManifest.xml:11:17-61
uses-feature#android.hardware.location
ADDED from src\main\AndroidManifest.xml:12:3-85
	android:required
		ADDED from src\main\AndroidManifest.xml:12:58-82
	android:name
		ADDED from src\main\AndroidManifest.xml:12:17-57
application
ADDED from src\main\AndroidManifest.xml:13:3-30:17
	android:extractNativeLibs
		ADDED from src\main\AndroidManifest.xml:13:16-48
meta-data#unity.splash-mode
ADDED from src\main\AndroidManifest.xml:14:5-69
	android:value
		ADDED from src\main\AndroidManifest.xml:14:49-66
	android:name
		ADDED from src\main\AndroidManifest.xml:14:16-48
meta-data#unity.splash-enable
ADDED from src\main\AndroidManifest.xml:15:5-74
	android:value
		ADDED from src\main\AndroidManifest.xml:15:51-71
	android:name
		ADDED from src\main\AndroidManifest.xml:15:16-50
meta-data#unity.launch-fullscreen
ADDED from src\main\AndroidManifest.xml:16:5-78
	android:value
		ADDED from src\main\AndroidManifest.xml:16:55-75
	android:name
		ADDED from src\main\AndroidManifest.xml:16:16-54
meta-data#unity.allow-resizable-window
ADDED from src\main\AndroidManifest.xml:17:5-84
	android:value
		ADDED from src\main\AndroidManifest.xml:17:60-81
	android:name
		ADDED from src\main\AndroidManifest.xml:17:16-59
meta-data#notch.config
ADDED from src\main\AndroidManifest.xml:18:5-81
	android:value
		ADDED from src\main\AndroidManifest.xml:18:44-78
	android:name
		ADDED from src\main\AndroidManifest.xml:18:16-43
meta-data#unity.auto-report-fully-drawn
ADDED from src\main\AndroidManifest.xml:19:5-84
	android:value
		ADDED from src\main\AndroidManifest.xml:19:61-81
	android:name
		ADDED from src\main\AndroidManifest.xml:19:16-60
activity#com.unity3d.player.UnityPlayerActivity
ADDED from src\main\AndroidManifest.xml:21:5-29:16
	android:screenOrientation
		ADDED from src\main\AndroidManifest.xml:21:378-422
	android:launchMode
		ADDED from src\main\AndroidManifest.xml:21:311-342
	android:hardwareAccelerated
		ADDED from src\main\AndroidManifest.xml:21:275-310
	android:exported
		ADDED from src\main\AndroidManifest.xml:21:251-274
	android:resizeableActivity
		ADDED from src\main\AndroidManifest.xml:21:343-377
	android:configChanges
		ADDED from src\main\AndroidManifest.xml:21:69-250
	android:theme
		ADDED from src\main\AndroidManifest.xml:21:423-464
	android:name
		ADDED from src\main\AndroidManifest.xml:21:15-68
intent-filter#action:name:android.intent.action.MAIN+category:name:android.intent.category.LAUNCHER
ADDED from src\main\AndroidManifest.xml:22:7-25:23
category#android.intent.category.LAUNCHER
ADDED from src\main\AndroidManifest.xml:23:9-69
	android:name
		ADDED from src\main\AndroidManifest.xml:23:19-66
action#android.intent.action.MAIN
ADDED from src\main\AndroidManifest.xml:24:9-61
	android:name
		ADDED from src\main\AndroidManifest.xml:24:17-58
meta-data#unityplayer.UnityActivity
ADDED from src\main\AndroidManifest.xml:26:7-82
	android:value
		ADDED from src\main\AndroidManifest.xml:26:59-79
	android:name
		ADDED from src\main\AndroidManifest.xml:26:18-58
meta-data#notch_support
ADDED from src\main\AndroidManifest.xml:27:7-70
	android:value
		ADDED from src\main\AndroidManifest.xml:27:47-67
	android:name
		ADDED from src\main\AndroidManifest.xml:27:18-46
uses-sdk
ADDED from src\main\AndroidManifest.xml:31:3-72
INJECTED from src\main\AndroidManifest.xml:31:3-72
INJECTED from src\main\AndroidManifest.xml:31:3-72
INJECTED from src\main\AndroidManifest.xml:31:3-72
INJECTED from src\main\AndroidManifest.xml:31:3-72
	android:targetSdkVersion
		ADDED from src\main\AndroidManifest.xml:31:40-69
		INJECTED from src\main\AndroidManifest.xml
		INJECTED from src\main\AndroidManifest.xml
	android:minSdkVersion
		ADDED from src\main\AndroidManifest.xml:31:13-39
		INJECTED from src\main\AndroidManifest.xml
		INJECTED from src\main\AndroidManifest.xml